environ({'GLUE_VERSION': '3.0', 'PATH': '/usr/local/sbin:/usr/local/bin:/usr/sbin:/usr/bin:/sbin:/bin:/opt/amazon/bin', 'PYTHONPATH': '/opt/amazon/spark/jars/spark-core_2.12-3.1.1-amzn-0.jar:/opt/amazon/spark/python/lib/pyspark.zip:/opt/amazon/spark/python/lib/py4j-0.10.9-src.zip:/opt/amazon/lib/python3.6/site-packages', 'USE_PROXY': 'false', 'AWS_DEFAULT_REGION': 'us-east-1', 'GLUE_TASK_GROUP_ID': 'fbdaa8ff-dbd6-4457-9784-d3cee878bdda', 'AWS_METADATA_SERVICE_NUM_ATTEMPTS': '50', 'GLUE_COMMAND_CRITERIA': 'glueetl', 'PYSPARK_GATEWAY_SECRET': '<redacted>', 'LANG': 'en_US.UTF-8', 'ERROR_FILE_NAME_LOCATION': '/reporting/error.txt', 'SPARK_CONF_DIR': '/opt/amazon/conf', 'OMP_NUM_THREADS': '4', 'PYSPARK_GATEWAY_PORT': '35047', 'PYSPARK_PYTHON': '/usr/bin/python3', 'PYTHONUNBUFFERED': 'YES', 'HOSTNAME': 'ip-172-36-145-122.ec2.internal', 'LD_LIBRARY_PATH': '/opt/amazon/lib/hadoop-lzo-native:/opt/amazon/lib/hadoop-native/:/opt/amazon/lib/glue-native', 'WORKER_TYPE': 'G.1X', 'PWD': '/tmp', 'HOME': '/home/spark', 'SHLVL': '0', 'GLUE_PYTHON_VERSION': '3', 'CONTAINER_HOST_PRIVATE_IP': '172.36.145.122'})
aws-cli/1.18.147 Python/2.7.18 Linux/4.14.238-125.422.amzn1.x86_64 botocore/1.18.6

{
    "Account": "xxxxxxxxxxxx",
    "UserId": "AROAXWO2SDPLOZ7VXTDF5:GlueJobRunnerSession",
    "Arn": "arn:aws:sts::xxxxxxxxxxxx:assumed-role/aws-glue-sam-example-MyJobRole-1S34H02ADTWL9/GlueJobRunnerSession"
}


.
./hsperfdata_spark
./hsperfdata_spark/7
./my-glue-script-01.py
./log4j
./.log4j.properties.crc
./log4j.properties
./glue-override.conf
./glue-default.conf
./launchcmd
./glue_app_analyzer_rules
./glue-app-insights-logs
./glue-exception-analysis-logs
./spark-event-logs
./aws_glue_custom_connector_python
./aws_glue_custom_connector_python/py.typed
./aws_glue_custom_connector_python/__init__.py
./aws_glue_custom_connector_python/docker
./aws_glue_custom_connector_python/docker/__init__.py
./aws_glue_custom_connector_python/docker/unpack_docker_image.py
./aws_glue_custom_connector_python/docker/util.py
./.ICE-unix
./.font-unix
./.Test-unix
./.XIM-unix
./.X11-unix

/usr/local/sbin

/usr/local/bin

/usr/sbin
/usr/sbin/sln
/usr/sbin/iconvconfig.x86_64
/usr/sbin/install-info
/usr/sbin/sasldblistusers2
/usr/sbin/update-alternatives
/usr/sbin/chroot
/usr/sbin/addgnupghome
/usr/sbin/zdump
/usr/sbin/glibc_post_upgrade.x86_64
/usr/sbin/build-locale-archive
/usr/sbin/applygnupgdefaults
/usr/sbin/iconvconfig
/usr/sbin/capsh
/usr/sbin/saslpasswd2
/usr/sbin/amazon-linux-https
/usr/sbin/sefcontext_compile
/usr/sbin/getcap
/usr/sbin/getpcaps
/usr/sbin/zic
/usr/sbin/chkconfig
/usr/sbin/setcap
/usr/sbin/ldconfig
/usr/sbin/alternatives
/usr/sbin/fsfreeze
/usr/sbin/fsck
/usr/sbin/cracklib-check
/usr/sbin/mkfs.cramfs
/usr/sbin/modinfo
/usr/sbin/blkid
/usr/sbin/telinit
/usr/sbin/modprobe
/usr/sbin/switch_root
/usr/sbin/weak-modules
/usr/sbin/lsmod
/usr/sbin/fdformat
/usr/sbin/mkdict
/usr/sbin/runuser
/usr/sbin/insmod
/usr/sbin/blockdev
/usr/sbin/swapoff
/usr/sbin/reboot
/usr/sbin/agetty
/usr/sbin/findfs
/usr/sbin/shutdown
/usr/sbin/pivot_root
/usr/sbin/sulogin
/usr/sbin/pam_timestamp_check
/usr/sbin/resizepart
/usr/sbin/dmstats
/usr/sbin/nologin
/usr/sbin/create-cracklib-dict
/usr/sbin/chcpu
/usr/sbin/wipefs
/usr/sbin/packer
/usr/sbin/ctrlaltdel
/usr/sbin/rtcwake
/usr/sbin/readprofile
/usr/sbin/mkfs
/usr/sbin/udevadm
/usr/sbin/depmod
/usr/sbin/ldattach
/usr/sbin/mkhomedir_helper
/usr/sbin/faillock
/usr/sbin/blkdeactivate
/usr/sbin/cfdisk
/usr/sbin/fsck.minix
/usr/sbin/clock
/usr/sbin/mkswap
/usr/sbin/init
/usr/sbin/swapon
/usr/sbin/hwclock
/usr/sbin/cracklib-packer
/usr/sbin/fdisk
/usr/sbin/hardlink
/usr/sbin/poweroff
/usr/sbin/unix_chkpwd
/usr/sbin/sfdisk
/usr/sbin/pwhistory_helper
/usr/sbin/runlevel
/usr/sbin/addpart
/usr/sbin/blkdiscard
/usr/sbin/cracklib-format
/usr/sbin/pam_console_apply
/usr/sbin/unix_update
/usr/sbin/tcsd
/usr/sbin/fstrim
/usr/sbin/losetup
/usr/sbin/swaplabel
/usr/sbin/mkfs.minix
/usr/sbin/dmsetup
/usr/sbin/blkzone
/usr/sbin/partx
/usr/sbin/delpart
/usr/sbin/halt
/usr/sbin/rmmod
/usr/sbin/cracklib-unpacker
/usr/sbin/zramctl
/usr/sbin/dmfilemapd
/usr/sbin/pam_tally2
/usr/sbin/fsck.cramfs
/usr/sbin/vigr
/usr/sbin/pwconv
/usr/sbin/userdel
/usr/sbin/vipw
/usr/sbin/chpasswd
/usr/sbin/newusers
/usr/sbin/pwck
/usr/sbin/groupmod
/usr/sbin/groupadd
/usr/sbin/adduser
/usr/sbin/usermod
/usr/sbin/groupdel
/usr/sbin/grpunconv
/usr/sbin/pwunconv
/usr/sbin/grpck
/usr/sbin/grpconv
/usr/sbin/useradd
/usr/sbin/groupmems

/usr/bin
/usr/bin/gio-querymodules-64
/usr/bin/dircolors
/usr/bin/nl
/usr/bin/comm
/usr/bin/db_dump185
/usr/bin/gawk
/usr/bin/stat
/usr/bin/uniq
/usr/bin/cd
/usr/bin/db_verify
/usr/bin/numfmt
/usr/bin/ln
/usr/bin/id
/usr/bin/sed
/usr/bin/crlutil
/usr/bin/true
/usr/bin/ls
/usr/bin/tsort
/usr/bin/sort
/usr/bin/getconf
/usr/bin/sleep
/usr/bin/split
/usr/bin/jobs
/usr/bin/gpg2
/usr/bin/sha224sum
/usr/bin/tzselect
/usr/bin/sqlite3
/usr/bin/tput
/usr/bin/amazon-linux-extras
/usr/bin/sync
/usr/bin/view
/usr/bin/pathchk
/usr/bin/tabs
/usr/bin/db_deadlock
/usr/bin/nproc
/usr/bin/db_stat
/usr/bin/gpgv
/usr/bin/factor
/usr/bin/glib-compile-schemas
/usr/bin/pr
/usr/bin/mv
/usr/bin/[
/usr/bin/tty
/usr/bin/install
/usr/bin/xmlcatalog
/usr/bin/iconv
/usr/bin/sum
/usr/bin/logname
/usr/bin/realpath
/usr/bin/db_archive
/usr/bin/paste
/usr/bin/xmlwf
/usr/bin/expr
/usr/bin/bashbug
/usr/bin/gsettings
/usr/bin/ex
/usr/bin/echo
/usr/bin/db_printlog
/usr/bin/stdbuf
/usr/bin/tac
/usr/bin/bashbug-64
/usr/bin/runcon
/usr/bin/ldd
/usr/bin/signver
/usr/bin/python2
/usr/bin/cmp
/usr/bin/urlgrabber
/usr/bin/xargs
/usr/bin/diff
/usr/bin/pldd
/usr/bin/nice
/usr/bin/gpg-zip
/usr/bin/cut
/usr/bin/db_recover
/usr/bin/tr
/usr/bin/modutil
/usr/bin/sha1sum
/usr/bin/nohup
/usr/bin/dirname
/usr/bin/db_replicate
/usr/bin/printenv
/usr/bin/pgawk
/usr/bin/pinky
/usr/bin/wait
/usr/bin/pinentry
/usr/bin/certutil
/usr/bin/mktemp
/usr/bin/dgawk
/usr/bin/arch
/usr/bin/diff3
/usr/bin/tee
/usr/bin/rmdir
/usr/bin/localedef
/usr/bin/db_dump
/usr/bin/watchgnupg
/usr/bin/rview
/usr/bin/fc
/usr/bin/getopts
/usr/bin/cat
/usr/bin/oldfind
/usr/bin/gpgv2
/usr/bin/who
/usr/bin/awk
/usr/bin/lua
/usr/bin/gpg-connect-agent
/usr/bin/truncate
/usr/bin/grep
/usr/bin/getent
/usr/bin/hostid
/usr/bin/mkfifo
/usr/bin/base64
/usr/bin/fg
/usr/bin/xmllint
/usr/bin/db_load
/usr/bin/pinentry-curses
/usr/bin/rpm2cpio
/usr/bin/unlink
/usr/bin/unexpand
/usr/bin/rm
/usr/bin/db_log_verify
/usr/bin/tset
/usr/bin/update-ca-trust
/usr/bin/sh
/usr/bin/infotocap
/usr/bin/shuf
/usr/bin/curl
/usr/bin/setup-nsssysinit
/usr/bin/tic
/usr/bin/update-mime-database
/usr/bin/pk12util
/usr/bin/sprof
/usr/bin/uname
/usr/bin/bg
/usr/bin/find
/usr/bin/ca-legacy
/usr/bin/umask
/usr/bin/od
/usr/bin/cmsutil
/usr/bin/dd
/usr/bin/bash
/usr/bin/yes
/usr/bin/p11-kit
/usr/bin/pydoc
/usr/bin/fgrep
/usr/bin/expand
/usr/bin/stty
/usr/bin/false
/usr/bin/printf
/usr/bin/chown
/usr/bin/captoinfo
/usr/bin/sha384sum
/usr/bin/sotruss
/usr/bin/gapplication
/usr/bin/rpmverify
/usr/bin/rpmquery
/usr/bin/readlink
/usr/bin/test
/usr/bin/env
/usr/bin/gdbmtool
/usr/bin/db_checkpoint
/usr/bin/reset
/usr/bin/cpio
/usr/bin/vi
/usr/bin/alias
/usr/bin/rpmdb
/usr/bin/csplit
/usr/bin/chgrp
/usr/bin/join
/usr/bin/gpg-error
/usr/bin/gdbm_dump
/usr/bin/catchsegv
/usr/bin/users
/usr/bin/rvi
/usr/bin/fold
/usr/bin/fmt
/usr/bin/sha256sum
/usr/bin/gdbus
/usr/bin/link
/usr/bin/makedb
/usr/bin/db_tuner
/usr/bin/gpg-agent
/usr/bin/infokey
/usr/bin/ptx
/usr/bin/cksum
/usr/bin/infocmp
/usr/bin/python2.7
/usr/bin/rpcgen
/usr/bin/basename
/usr/bin/ssltap
/usr/bin/yum
/usr/bin/python
/usr/bin/gencat
/usr/bin/df
/usr/bin/db_hotbackup
/usr/bin/rpm
/usr/bin/dir
/usr/bin/chmod
/usr/bin/touch
/usr/bin/gpgparsemail
/usr/bin/toe
/usr/bin/gdbm_load
/usr/bin/seq
/usr/bin/nss-policy-check
/usr/bin/gio
/usr/bin/read
/usr/bin/mkdir
/usr/bin/groups
/usr/bin/sha512sum
/usr/bin/gpgsplit
/usr/bin/timeout
/usr/bin/egrep
/usr/bin/wc
/usr/bin/chcon
/usr/bin/db_upgrade
/usr/bin/sdiff
/usr/bin/unalias
/usr/bin/date
/usr/bin/tail
/usr/bin/luac
/usr/bin/trust
/usr/bin/locale
/usr/bin/gpgconf
/usr/bin/vdir
/usr/bin/gpg
/usr/bin/setup-nsssysinit.sh
/usr/bin/md5sum
/usr/bin/whoami
/usr/bin/cp
/usr/bin/pwd
/usr/bin/head
/usr/bin/clear
/usr/bin/mknod
/usr/bin/shred
/usr/bin/igawk
/usr/bin/info
/usr/bin/command
/usr/bin/rpmkeys
/usr/bin/du
/usr/bin/pango-view
/usr/bin/pack200
/usr/bin/jvmjar
/usr/bin/fc-list
/usr/bin/pango-querymodules-64
/usr/bin/clean-binary-files
/usr/bin/gtk-update-icon-cache
/usr/bin/fc-conflist
/usr/bin/create-jar-links
/usr/bin/pango-list
/usr/bin/abs2rel
/usr/bin/fc-validate
/usr/bin/gdk-pixbuf-thumbnailer
/usr/bin/keytool
/usr/bin/tnameserv
/usr/bin/update-gtk-immodules
/usr/bin/rebuild-jar-repository
/usr/bin/build-jar-repository
/usr/bin/diff-jars
/usr/bin/fc-cache-64
/usr/bin/fc-pattern
/usr/bin/xsltproc
/usr/bin/fc-cache
/usr/bin/check-binary-files
/usr/bin/build-classpath-directory
/usr/bin/build-classpath
/usr/bin/rmiregistry
/usr/bin/aserver
/usr/bin/xmvn-builddep
/usr/bin/gtk-query-immodules-2.0-64
/usr/bin/find-jar
/usr/bin/rmid
/usr/bin/fribidi
/usr/bin/cairo-sphinx
/usr/bin/unpack200
/usr/bin/fc-cat
/usr/bin/policytool
/usr/bin/gr2fonttest
/usr/bin/fc-query
/usr/bin/java
/usr/bin/orbd
/usr/bin/fc-scan
/usr/bin/servertool
/usr/bin/jjs
/usr/bin/gdk-pixbuf-query-loaders-64
/usr/bin/fc-match
/usr/bin/2to3
/usr/bin/python3-config
/usr/bin/pathfix.py
/usr/bin/msgfmt3.7.py
/usr/bin/pygettext3.7.py
/usr/bin/python3.7m-x86_64-config
/usr/bin/python3.7m-config
/usr/bin/pygettext3.py
/usr/bin/msgfmt3.py
/usr/bin/python3.7-config
/usr/bin/recountdiff
/usr/bin/rename
/usr/bin/eu-addr2line
/usr/bin/ipcs
/usr/bin/psed
/usr/bin/eu-size
/usr/bin/svnrdump
/usr/bin/dwz
/usr/bin/msgfmt
/usr/bin/timedatectl
/usr/bin/stap-prep
/usr/bin/interdiff
/usr/bin/setterm
/usr/bin/nm
/usr/bin/ssh-keygen
/usr/bin/pod2man
/usr/bin/svnlook
/usr/bin/kill
/usr/bin/filterdiff
/usr/bin/objdump
/usr/bin/strip
/usr/bin/login
/usr/bin/bzdiff
/usr/bin/indent
/usr/bin/zcat
/usr/bin/doxygen
/usr/bin/autoscan
/usr/bin/lscpu
/usr/bin/eu-readelf
/usr/bin/slogin
/usr/bin/stap-merge
/usr/bin/systemd-run
/usr/bin/combinediff
/usr/bin/flipdiff
/usr/bin/eu-strings
/usr/bin/automake-1.13
/usr/bin/kmod
/usr/bin/unzip
/usr/bin/h2ph
/usr/bin/ngettext
/usr/bin/ssh-agent
/usr/bin/pstack
/usr/bin/gdb
/usr/bin/editdiff
/usr/bin/gcc-nm
/usr/bin/ci
/usr/bin/xzmore
/usr/bin/bzip2
/usr/bin/xzgrep
/usr/bin/eu-strip
/usr/bin/colrm
/usr/bin/splitdiff
/usr/bin/dbus-cleanup-sockets
/usr/bin/aclocal
/usr/bin/gcov-dump
/usr/bin/funzip
/usr/bin/addr2line
/usr/bin/bunzip2
/usr/bin/dbus-test-tool
/usr/bin/msgattrib
/usr/bin/msgcat
/usr/bin/autoconf
/usr/bin/stapsh
/usr/bin/git-receive-pack
/usr/bin/scriptreplay
/usr/bin/cpp
/usr/bin/lsblk
/usr/bin/busctl
/usr/bin/script
/usr/bin/chmem
/usr/bin/gstack
/usr/bin/isosize
/usr/bin/libtoolize
/usr/bin/eu-ranlib
/usr/bin/pkcs1-conv
/usr/bin/systemd-cgtop
/usr/bin/mcookie
/usr/bin/eu-findtextrel
/usr/bin/zipgrep
/usr/bin/gcc-ar
/usr/bin/colcrt
/usr/bin/loginctl
/usr/bin/look
/usr/bin/cc
/usr/bin/dbus-monitor
/usr/bin/zdiff
/usr/bin/fallocate
/usr/bin/rcsdiff
/usr/bin/lsdiff
/usr/bin/hostnamectl
/usr/bin/systemctl
/usr/bin/git-upload-archive
/usr/bin/ipcmk
/usr/bin/m4
/usr/bin/cal
/usr/bin/gettextize
/usr/bin/unzipsfx
/usr/bin/column
/usr/bin/pkg-config
/usr/bin/lz4c
/usr/bin/chacl
/usr/bin/flock
/usr/bin/rcs
/usr/bin/journalctl
/usr/bin/c++filt
/usr/bin/systemd-loginctl
/usr/bin/autoupdate
/usr/bin/systemd-hwdb
/usr/bin/intltoolize
/usr/bin/rcsmerge
/usr/bin/grepdiff
/usr/bin/svnsync
/usr/bin/a2p
/usr/bin/ctags
/usr/bin/msgexec
/usr/bin/i386
/usr/bin/col
/usr/bin/rpmsign
/usr/bin/ranlib
/usr/bin/csslint-0.6
/usr/bin/ssh-add
/usr/bin/xzless
/usr/bin/libtool
/usr/bin/gcov-tool
/usr/bin/ipcrm
/usr/bin/lsns
/usr/bin/fipscheck
/usr/bin/msguniq
/usr/bin/systemd-escape
/usr/bin/systemd-tty-ask-password-agent
/usr/bin/dbus-uuidgen
/usr/bin/rlog
/usr/bin/eject
/usr/bin/getfacl
/usr/bin/lz4
/usr/bin/fincore
/usr/bin/pwmake
/usr/bin/gcc
/usr/bin/make
/usr/bin/ionice
/usr/bin/gdb-add-index
/usr/bin/stap
/usr/bin/cscope
/usr/bin/flex
/usr/bin/zcmp
/usr/bin/pod2html
/usr/bin/automake
/usr/bin/eu-ar
/usr/bin/uuidgen
/usr/bin/dbus-update-activation-environment
/usr/bin/byacc
/usr/bin/msgfilter
/usr/bin/systemd-cat
/usr/bin/merge
/usr/bin/c89
/usr/bin/less
/usr/bin/bzip2recover
/usr/bin/aclocal-1.13
/usr/bin/perlthanks
/usr/bin/fipshmac
/usr/bin/gzexe
/usr/bin/logger
/usr/bin/ocs
/usr/bin/cscope-indexer
/usr/bin/yacc
/usr/bin/svnadmin
/usr/bin/zipcloak
/usr/bin/rpmspec
/usr/bin/gmake
/usr/bin/rcsclean
/usr/bin/stap-report
/usr/bin/coredumpctl
/usr/bin/bzmore
/usr/bin/sftp
/usr/bin/ssh-keyscan
/usr/bin/intltool-extract
/usr/bin/c99
/usr/bin/pstruct
/usr/bin/uname26
/usr/bin/unwrapdiff
/usr/bin/bzgrep
/usr/bin/eu-unstrip
/usr/bin/write
/usr/bin/eu-make-debug-archive
/usr/bin/setpriv
/usr/bin/intltool-merge
/usr/bin/wdctl
/usr/bin/more
/usr/bin/renice
/usr/bin/eu-stack
/usr/bin/msgunfmt
/usr/bin/systemd-cgls
/usr/bin/bootctl
/usr/bin/flex++
/usr/bin/dehtmldiff
/usr/bin/mokutil
/usr/bin/x86_64-redhat-linux-gcc-7
/usr/bin/raw
/usr/bin/systemd-stdio-bridge
/usr/bin/bzcat
/usr/bin/msggrep
/usr/bin/machinectl
/usr/bin/s2p
/usr/bin/envsubst
/usr/bin/xzfgrep
/usr/bin/svndumpfilter
/usr/bin/udevadm
/usr/bin/eu-objdump
/usr/bin/findmnt
/usr/bin/perl5.16.3
/usr/bin/xz
/usr/bin/systemd-firstboot
/usr/bin/c2ph
/usr/bin/zegrep
/usr/bin/msgcomm
/usr/bin/file
/usr/bin/co
/usr/bin/xzdiff
/usr/bin/msgconv
/usr/bin/x86_64-redhat-linux-gcc
/usr/bin/systemd-coredumpctl
/usr/bin/xgettext
/usr/bin/elfedit
/usr/bin/hexdump
/usr/bin/perl
/usr/bin/pod2usage
/usr/bin/prlimit
/usr/bin/find2perl
/usr/bin/gettext.sh
/usr/bin/git-shell
/usr/bin/ident
/usr/bin/zgrep
/usr/bin/intltool-update
/usr/bin/systemd-inhibit
/usr/bin/gettext
/usr/bin/systemd-ask-password
/usr/bin/x86_64-redhat-linux-g++
/usr/bin/unshare
/usr/bin/systemd-delta
/usr/bin/size
/usr/bin/taskset
/usr/bin/perlbug
/usr/bin/systemd-nspawn
/usr/bin/xzdec
/usr/bin/gcc-ranlib
/usr/bin/dbus-run-session
/usr/bin/fixcvsdiff
/usr/bin/gfortran
/usr/bin/autoheader
/usr/bin/strings
/usr/bin/splain
/usr/bin/staprun
/usr/bin/prove
/usr/bin/xzegrep
/usr/bin/gcore
/usr/bin/znew
/usr/bin/autopoint
/usr/bin/gcov
/usr/bin/rpmbuild
/usr/bin/unxz
/usr/bin/readelf
/usr/bin/msgmerge
/usr/bin/msghack
/usr/bin/zforce
/usr/bin/piconv
/usr/bin/gprof
/usr/bin/systemd-notify
/usr/bin/sexp-conv
/usr/bin/f95
/usr/bin/g++
/usr/bin/zipnote
/usr/bin/perldoc
/usr/bin/pod2text
/usr/bin/mount
/usr/bin/namei
/usr/bin/nsenter
/usr/bin/ul
/usr/bin/diffstat
/usr/bin/autom4te
/usr/bin/xzcat
/usr/bin/ssh
/usr/bin/autoreconf
/usr/bin/ifnames
/usr/bin/ld.bfd
/usr/bin/nettle-lfib-stream
/usr/bin/svnserve
/usr/bin/localectl
/usr/bin/linux64
/usr/bin/lessecho
/usr/bin/as
/usr/bin/mountpoint
/usr/bin/c++
/usr/bin/lsmem
/usr/bin/ssh-copy-id
/usr/bin/systemd-analyze
/usr/bin/eu-elfcompress
/usr/bin/systemd-path
/usr/bin/stapdyn
/usr/bin/ld
/usr/bin/rev
/usr/bin/systemd-machine-id-setup
/usr/bin/zipinfo
/usr/bin/lex
/usr/bin/gunzip
/usr/bin/lslocks
/usr/bin/gendiff
/usr/bin/kernel-install
/usr/bin/rediff
/usr/bin/eu-nm
/usr/bin/x86_64-redhat-linux-c++
/usr/bin/msginit
/usr/bin/lslogins
/usr/bin/svn
/usr/bin/zfgrep
/usr/bin/rcsfreeze
/usr/bin/eu-elfcmp
/usr/bin/git
/usr/bin/systemd-tmpfiles
/usr/bin/ld.gold
/usr/bin/umount
/usr/bin/zmore
/usr/bin/msgen
/usr/bin/intltool-prepare
/usr/bin/dbus-send
/usr/bin/espdiff
/usr/bin/utmpdump
/usr/bin/ar
/usr/bin/zip
/usr/bin/gzip
/usr/bin/zless
/usr/bin/nettle-hash
/usr/bin/whereis
/usr/bin/svnversion
/usr/bin/dbus-daemon
/usr/bin/lesskey
/usr/bin/setfacl
/usr/bin/linux32
/usr/bin/x86_64
/usr/bin/chrt
/usr/bin/su
/usr/bin/eu-elflint
/usr/bin/lsipc
/usr/bin/xzcmp
/usr/bin/lesspipe.sh
/usr/bin/bzless
/usr/bin/getopt
/usr/bin/dwp
/usr/bin/systemd-detect-virt
/usr/bin/stapbpf
/usr/bin/scp
/usr/bin/zipsplit
/usr/bin/patch
/usr/bin/pwscore
/usr/bin/bison
/usr/bin/unlz4
/usr/bin/bzcmp
/usr/bin/dmesg
/usr/bin/systemd-sysv-convert
/usr/bin/setarch
/usr/bin/lz4cat
/usr/bin/swig
/usr/bin/objcopy
/usr/bin/msgcmp
/usr/bin/recode-sr-latin
/usr/bin/pl2pm
/usr/bin/setsid
/usr/bin/git-upload-pack
/usr/bin/pyrsa-keygen-2
/usr/bin/aws_completer
/usr/bin/pre-grohtml
/usr/bin/python3.7m
/usr/bin/pip3.7
/usr/bin/rst2html
/usr/bin/groff
/usr/bin/gpasswd
/usr/bin/rst2latex
/usr/bin/rst2man
/usr/bin/gnroff
/usr/bin/gtar
/usr/bin/pyvenv-3.7
/usr/bin/tbl
/usr/bin/idn
/usr/bin/rst2odt
/usr/bin/rst2xetex
/usr/bin/jp.py-2.7
/usr/bin/pydoc3
/usr/bin/gneqn
/usr/bin/pyrsa-priv2pub
/usr/bin/pyrsa-encrypt-2
/usr/bin/which
/usr/bin/xxd
/usr/bin/eqn
/usr/bin/rst2odt_prepstyles
/usr/bin/pyrsa-verify
/usr/bin/tar
/usr/bin/python3
/usr/bin/grotty
/usr/bin/pyrsa-decrypt-bigfile
/usr/bin/vim
/usr/bin/easy_install
/usr/bin/easy_install-2.7
/usr/bin/pyrsa-decrypt
/usr/bin/zsoelim
/usr/bin/pyvenv
/usr/bin/wget
/usr/bin/sg
/usr/bin/geqn
/usr/bin/rst2xml
/usr/bin/jp.py-2
/usr/bin/python3.7
/usr/bin/pic
/usr/bin/gsoelim
/usr/bin/gpic
/usr/bin/pip-3
/usr/bin/pip3
/usr/bin/newgrp
/usr/bin/pyrsa-priv2pub-2
/usr/bin/pydoc3.7
/usr/bin/rstpep2html
/usr/bin/jp.py
/usr/bin/pyrsa-verify-2
/usr/bin/pip-3.7
/usr/bin/pyrsa-encrypt-bigfile-2
/usr/bin/easy_install-3.7
/usr/bin/pyrsa-decrypt-2
/usr/bin/pyrsa-encrypt
/usr/bin/rst2pseudoxml
/usr/bin/soelim
/usr/bin/rst2s5
/usr/bin/pyrsa-sign
/usr/bin/troff
/usr/bin/nroff
/usr/bin/pyrsa-encrypt-bigfile
/usr/bin/preconv
/usr/bin/aws
/usr/bin/chage
/usr/bin/pyrsa-sign-2
/usr/bin/vimtutor
/usr/bin/pyrsa-keygen
/usr/bin/grops
/usr/bin/lastlog
/usr/bin/post-grohtml
/usr/bin/gtroff
/usr/bin/pyrsa-decrypt-bigfile-2
/usr/bin/gtbl
/usr/bin/neqn
/usr/bin/vimdiff
/usr/bin/rvim

/sbin

/bin

/opt/amazon/bin
/opt/amazon/bin/entry.sh
/opt/amazon/bin/runscript.py